2025-09-05T04:21:13: Starting Python Stock Service on port 5001...
2025-09-05T04:21:15:  * Serving Flask app 'stock_service'
2025-09-05T04:21:15:  * Debug mode: off
2025-09-05T04:21:15: Address already in use
2025-09-05T04:21:15: Port 5001 is in use by another program. Either identify and stop that program, or start the server with a different port.
2025-09-05T04:21:19: Starting Python Stock Service on port 5001...
2025-09-05T04:21:20:  * Serving Flask app 'stock_service'
2025-09-05T04:21:20:  * Debug mode: off
2025-09-05T04:21:20: Address already in use
2025-09-05T04:21:20: Port 5001 is in use by another program. Either identify and stop that program, or start the server with a different port.
2025-09-05T04:21:24: Starting Python Stock Service on port 5001...
2025-09-05T04:21:25:  * Serving Flask app 'stock_service'
2025-09-05T04:21:25:  * Debug mode: off
2025-09-05T04:21:25: Address already in use
2025-09-05T04:21:25: Port 5001 is in use by another program. Either identify and stop that program, or start the server with a different port.
2025-09-05T04:21:29: Starting Python Stock Service on port 5001...
2025-09-05T04:21:30:  * Serving Flask app 'stock_service'
2025-09-05T04:21:30:  * Debug mode: off
2025-09-05T04:21:30: Address already in use
2025-09-05T04:21:30: Port 5001 is in use by another program. Either identify and stop that program, or start the server with a different port.
2025-09-05T04:21:34: Starting Python Stock Service on port 5001...
2025-09-05T04:21:34:  * Serving Flask app 'stock_service'
2025-09-05T04:21:34:  * Debug mode: off
2025-09-05T04:21:34: Address already in use
2025-09-05T04:21:34: Port 5001 is in use by another program. Either identify and stop that program, or start the server with a different port.
2025-09-05T04:21:38: Starting Python Stock Service on port 5001...
2025-09-05T04:21:39:  * Serving Flask app 'stock_service'
2025-09-05T04:21:39:  * Debug mode: off
2025-09-05T04:21:39: Address already in use
2025-09-05T04:21:39: Port 5001 is in use by another program. Either identify and stop that program, or start the server with a different port.
2025-09-05T04:21:43: Starting Python Stock Service on port 5001...
2025-09-05T04:21:44:  * Serving Flask app 'stock_service'
2025-09-05T04:21:44:  * Debug mode: off
2025-09-05T04:21:44: Address already in use
2025-09-05T04:21:44: Port 5001 is in use by another program. Either identify and stop that program, or start the server with a different port.
2025-09-05T04:21:48: Starting Python Stock Service on port 5001...
2025-09-05T04:21:48:  * Serving Flask app 'stock_service'
2025-09-05T04:21:48:  * Debug mode: off
2025-09-05T04:21:48: Address already in use
2025-09-05T04:21:48: Port 5001 is in use by another program. Either identify and stop that program, or start the server with a different port.
2025-09-05T04:21:53: Starting Python Stock Service on port 5001...
2025-09-05T04:21:53:  * Serving Flask app 'stock_service'
2025-09-05T04:21:53:  * Debug mode: off
2025-09-05T04:21:53: Address already in use
2025-09-05T04:21:53: Port 5001 is in use by another program. Either identify and stop that program, or start the server with a different port.
2025-09-05T04:21:57: Starting Python Stock Service on port 5001...
2025-09-05T04:21:58:  * Serving Flask app 'stock_service'
2025-09-05T04:21:58:  * Debug mode: off
2025-09-05T04:21:58: Address already in use
2025-09-05T04:21:58: Port 5001 is in use by another program. Either identify and stop that program, or start the server with a different port.
2025-09-05T04:24:31: Starting Python Stock Service on port 5001...
2025-09-05T04:24:33:  * Serving Flask app 'stock_service'
2025-09-05T04:24:33:  * Debug mode: off
2025-09-05T04:24:33: Address already in use
2025-09-05T04:24:33: Port 5001 is in use by another program. Either identify and stop that program, or start the server with a different port.
2025-09-05T04:24:37: Starting Python Stock Service on port 5001...
2025-09-05T04:24:38:  * Serving Flask app 'stock_service'
2025-09-05T04:24:38:  * Debug mode: off
2025-09-05T04:24:38: Address already in use
2025-09-05T04:24:38: Port 5001 is in use by another program. Either identify and stop that program, or start the server with a different port.
2025-09-05T04:24:42: Starting Python Stock Service on port 5001...
2025-09-05T04:24:42:  * Serving Flask app 'stock_service'
2025-09-05T04:24:42:  * Debug mode: off
2025-09-05T04:24:42: Address already in use
2025-09-05T04:24:42: Port 5001 is in use by another program. Either identify and stop that program, or start the server with a different port.
2025-09-05T04:24:47: Starting Python Stock Service on port 5001...
2025-09-05T04:24:47:  * Serving Flask app 'stock_service'
2025-09-05T04:24:47:  * Debug mode: off
2025-09-05T04:24:47: Address already in use
2025-09-05T04:24:47: Port 5001 is in use by another program. Either identify and stop that program, or start the server with a different port.
2025-09-05T04:24:51: Starting Python Stock Service on port 5001...
2025-09-05T04:24:52:  * Serving Flask app 'stock_service'
2025-09-05T04:24:52:  * Debug mode: off
2025-09-05T04:24:52: Address already in use
2025-09-05T04:24:52: Port 5001 is in use by another program. Either identify and stop that program, or start the server with a different port.
2025-09-05T04:24:56: Starting Python Stock Service on port 5001...
2025-09-05T04:24:56:  * Serving Flask app 'stock_service'
2025-09-05T04:24:56:  * Debug mode: off
2025-09-05T04:24:56: Address already in use
2025-09-05T04:24:56: Port 5001 is in use by another program. Either identify and stop that program, or start the server with a different port.
2025-09-05T04:25:01: Starting Python Stock Service on port 5001...
2025-09-05T04:25:01:  * Serving Flask app 'stock_service'
2025-09-05T04:25:01:  * Debug mode: off
2025-09-05T04:25:01: Address already in use
2025-09-05T04:25:01: Port 5001 is in use by another program. Either identify and stop that program, or start the server with a different port.
2025-09-05T04:25:05: Starting Python Stock Service on port 5001...
2025-09-05T04:25:06:  * Serving Flask app 'stock_service'
2025-09-05T04:25:06:  * Debug mode: off
2025-09-05T04:25:06: Address already in use
2025-09-05T04:25:06: Port 5001 is in use by another program. Either identify and stop that program, or start the server with a different port.
2025-09-05T04:25:10: Starting Python Stock Service on port 5001...
2025-09-05T04:25:11:  * Serving Flask app 'stock_service'
2025-09-05T04:25:11:  * Debug mode: off
2025-09-05T04:25:11: Address already in use
2025-09-05T04:25:11: Port 5001 is in use by another program. Either identify and stop that program, or start the server with a different port.
2025-09-05T04:25:15: Starting Python Stock Service on port 5001...
2025-09-05T04:25:15:  * Serving Flask app 'stock_service'
2025-09-05T04:25:15:  * Debug mode: off
2025-09-05T04:25:15: Address already in use
2025-09-05T04:25:15: Port 5001 is in use by another program. Either identify and stop that program, or start the server with a different port.
2025-09-05T04:28:08: Starting Python Stock Service on port 5001...
2025-09-05T04:28:09:  * Serving Flask app 'stock_service'
2025-09-05T04:28:09:  * Debug mode: off
2025-09-05T04:28:09: Address already in use
2025-09-05T04:28:09: Port 5001 is in use by another program. Either identify and stop that program, or start the server with a different port.
2025-09-05T04:28:14: Starting Python Stock Service on port 5001...
2025-09-05T04:28:14:  * Serving Flask app 'stock_service'
2025-09-05T04:28:14:  * Debug mode: off
2025-09-05T04:28:14: Address already in use
2025-09-05T04:28:14: Port 5001 is in use by another program. Either identify and stop that program, or start the server with a different port.
2025-09-05T04:28:19: Starting Python Stock Service on port 5001...
2025-09-05T04:28:19:  * Serving Flask app 'stock_service'
2025-09-05T04:28:19:  * Debug mode: off
2025-09-05T04:28:19: Address already in use
2025-09-05T04:28:19: Port 5001 is in use by another program. Either identify and stop that program, or start the server with a different port.
2025-09-05T04:28:24: Starting Python Stock Service on port 5001...
2025-09-05T04:28:24:  * Serving Flask app 'stock_service'
2025-09-05T04:28:24:  * Debug mode: off
2025-09-05T04:28:24: Address already in use
2025-09-05T04:28:24: Port 5001 is in use by another program. Either identify and stop that program, or start the server with a different port.
2025-09-05T04:28:28: Starting Python Stock Service on port 5001...
2025-09-05T04:28:29:  * Serving Flask app 'stock_service'
2025-09-05T04:28:29:  * Debug mode: off
2025-09-05T04:28:29: Address already in use
2025-09-05T04:28:29: Port 5001 is in use by another program. Either identify and stop that program, or start the server with a different port.
2025-09-05T04:28:33: Starting Python Stock Service on port 5001...
2025-09-05T04:28:34:  * Serving Flask app 'stock_service'
2025-09-05T04:28:34:  * Debug mode: off
2025-09-05T04:28:34: Address already in use
2025-09-05T04:28:34: Port 5001 is in use by another program. Either identify and stop that program, or start the server with a different port.
2025-09-05T04:28:38: Starting Python Stock Service on port 5001...
2025-09-05T04:28:38:  * Serving Flask app 'stock_service'
2025-09-05T04:28:38:  * Debug mode: off
2025-09-05T04:28:38: Address already in use
2025-09-05T04:28:38: Port 5001 is in use by another program. Either identify and stop that program, or start the server with a different port.
2025-09-05T04:28:43: Starting Python Stock Service on port 5001...
2025-09-05T04:28:43:  * Serving Flask app 'stock_service'
2025-09-05T04:28:43:  * Debug mode: off
2025-09-05T04:28:43: Address already in use
2025-09-05T04:28:43: Port 5001 is in use by another program. Either identify and stop that program, or start the server with a different port.
2025-09-05T04:28:47: Starting Python Stock Service on port 5001...
2025-09-05T04:28:48:  * Serving Flask app 'stock_service'
2025-09-05T04:28:48:  * Debug mode: off
2025-09-05T04:28:48: Address already in use
2025-09-05T04:28:48: Port 5001 is in use by another program. Either identify and stop that program, or start the server with a different port.
2025-09-05T04:28:52: Starting Python Stock Service on port 5001...
2025-09-05T04:28:53:  * Serving Flask app 'stock_service'
2025-09-05T04:28:53:  * Debug mode: off
2025-09-05T04:28:53: Address already in use
2025-09-05T04:28:53: Port 5001 is in use by another program. Either identify and stop that program, or start the server with a different port.
2025-09-05T04:32:45: Starting Python Stock Service on port 5001...
2025-09-05T04:32:46:  * Serving Flask app 'stock_service'
2025-09-05T04:32:46:  * Debug mode: off
2025-09-05T04:32:46: Address already in use
2025-09-05T04:32:46: Port 5001 is in use by another program. Either identify and stop that program, or start the server with a different port.
2025-09-05T04:32:56: Starting Python Stock Service on port 5001...
2025-09-05T04:32:57:  * Serving Flask app 'stock_service'
2025-09-05T04:32:57:  * Debug mode: off
2025-09-05T04:32:57: Address already in use
2025-09-05T04:32:57: Port 5001 is in use by another program. Either identify and stop that program, or start the server with a different port.
2025-09-05T04:33:07: Starting Python Stock Service on port 5001...
2025-09-05T04:33:08:  * Serving Flask app 'stock_service'
2025-09-05T04:33:08:  * Debug mode: off
2025-09-05T04:33:08: Address already in use
2025-09-05T04:33:08: Port 5001 is in use by another program. Either identify and stop that program, or start the server with a different port.
2025-09-05T04:33:18: Starting Python Stock Service on port 5001...
2025-09-05T04:33:19:  * Serving Flask app 'stock_service'
2025-09-05T04:33:19:  * Debug mode: off
2025-09-05T04:33:19: Address already in use
2025-09-05T04:33:19: Port 5001 is in use by another program. Either identify and stop that program, or start the server with a different port.
2025-09-05T04:33:29: Starting Python Stock Service on port 5001...
2025-09-05T04:33:29:  * Serving Flask app 'stock_service'
2025-09-05T04:33:29:  * Debug mode: off
2025-09-05T04:33:29: Address already in use
2025-09-05T04:33:29: Port 5001 is in use by another program. Either identify and stop that program, or start the server with a different port.
2025-09-05T04:33:35: Starting Python Stock Service on port 5001...
2025-09-05T04:33:36:  * Serving Flask app 'stock_service'
2025-09-05T04:33:36:  * Debug mode: off
2025-09-05T04:33:36: Address already in use
2025-09-05T04:33:36: Port 5001 is in use by another program. Either identify and stop that program, or start the server with a different port.
2025-09-05T04:33:46: Starting Python Stock Service on port 5001...
2025-09-05T04:33:47:  * Serving Flask app 'stock_service'
2025-09-05T04:33:47:  * Debug mode: off
2025-09-05T04:33:47: Address already in use
2025-09-05T04:33:47: Port 5001 is in use by another program. Either identify and stop that program, or start the server with a different port.
2025-09-05T04:33:57: Starting Python Stock Service on port 5001...
2025-09-05T04:33:58:  * Serving Flask app 'stock_service'
2025-09-05T04:33:58:  * Debug mode: off
2025-09-05T04:33:58: Address already in use
2025-09-05T04:33:58: Port 5001 is in use by another program. Either identify and stop that program, or start the server with a different port.
2025-09-05T04:34:08: Starting Python Stock Service on port 5001...
2025-09-05T04:34:10:  * Serving Flask app 'stock_service'
2025-09-05T04:34:10:  * Debug mode: off
2025-09-05T04:34:10: Address already in use
2025-09-05T04:34:10: Port 5001 is in use by another program. Either identify and stop that program, or start the server with a different port.
2025-09-05T04:34:20: Starting Python Stock Service on port 5001...
2025-09-05T04:34:21:  * Serving Flask app 'stock_service'
2025-09-05T04:34:21:  * Debug mode: off
2025-09-05T04:34:21: Address already in use
2025-09-05T04:34:21: Port 5001 is in use by another program. Either identify and stop that program, or start the server with a different port.
2025-09-06T01:31:38: Starting Python Stock Service on port 5001...
2025-09-06T01:31:40:  * Serving Flask app 'stock_service'
2025-09-06T01:31:40:  * Debug mode: off
2025-09-06T01:31:40: Address already in use
2025-09-06T01:31:40: Port 5001 is in use by another program. Either identify and stop that program, or start the server with a different port.
2025-09-06T01:31:50: Starting Python Stock Service on port 5001...
2025-09-06T01:31:51:  * Serving Flask app 'stock_service'
2025-09-06T01:31:51:  * Debug mode: off
2025-09-06T01:31:51: Address already in use
2025-09-06T01:31:51: Port 5001 is in use by another program. Either identify and stop that program, or start the server with a different port.
2025-09-06T01:32:01: Starting Python Stock Service on port 5001...
2025-09-06T01:32:02:  * Serving Flask app 'stock_service'
2025-09-06T01:32:02:  * Debug mode: off
2025-09-06T01:32:02: Address already in use
2025-09-06T01:32:02: Port 5001 is in use by another program. Either identify and stop that program, or start the server with a different port.
2025-09-06T01:32:12: Starting Python Stock Service on port 5001...
2025-09-06T01:32:13:  * Serving Flask app 'stock_service'
2025-09-06T01:32:13:  * Debug mode: off
2025-09-06T01:32:13: Address already in use
2025-09-06T01:32:13: Port 5001 is in use by another program. Either identify and stop that program, or start the server with a different port.
2025-09-06T01:32:23: Starting Python Stock Service on port 5001...
2025-09-06T01:32:23:  * Serving Flask app 'stock_service'
2025-09-06T01:32:23:  * Debug mode: off
2025-09-06T01:32:23: Address already in use
2025-09-06T01:32:23: Port 5001 is in use by another program. Either identify and stop that program, or start the server with a different port.
2025-09-06T01:46:42: Starting Python Stock Service on port 5001...
2025-09-06T01:46:43:  * Serving Flask app 'stock_service'
2025-09-06T01:46:43:  * Debug mode: off
2025-09-06T01:46:43: Address already in use
2025-09-06T01:46:43: Port 5001 is in use by another program. Either identify and stop that program, or start the server with a different port.
2025-09-06T01:46:53: Starting Python Stock Service on port 5001...
2025-09-06T01:46:54:  * Serving Flask app 'stock_service'
2025-09-06T01:46:54:  * Debug mode: off
2025-09-06T01:46:54: Address already in use
2025-09-06T01:46:54: Port 5001 is in use by another program. Either identify and stop that program, or start the server with a different port.
2025-09-06T01:47:04: Starting Python Stock Service on port 5001...
2025-09-06T01:47:05:  * Serving Flask app 'stock_service'
2025-09-06T01:47:05:  * Debug mode: off
2025-09-06T01:47:05: Address already in use
2025-09-06T01:47:05: Port 5001 is in use by another program. Either identify and stop that program, or start the server with a different port.
2025-09-06T01:47:15: Starting Python Stock Service on port 5001...
2025-09-06T01:47:15:  * Serving Flask app 'stock_service'
2025-09-06T01:47:15:  * Debug mode: off
2025-09-06T01:47:15: Address already in use
2025-09-06T01:47:15: Port 5001 is in use by another program. Either identify and stop that program, or start the server with a different port.
2025-09-06T01:47:26: Starting Python Stock Service on port 5001...
2025-09-06T01:47:26:  * Serving Flask app 'stock_service'
2025-09-06T01:47:26:  * Debug mode: off
2025-09-06T01:47:26: Address already in use
2025-09-06T01:47:26: Port 5001 is in use by another program. Either identify and stop that program, or start the server with a different port.
2025-09-06T02:13:25: Starting Python Stock Service on port 5001...
2025-09-06T02:13:27:  * Serving Flask app 'stock_service'
2025-09-06T02:13:27:  * Debug mode: off
2025-09-06T02:13:27: Address already in use
2025-09-06T02:13:27: Port 5001 is in use by another program. Either identify and stop that program, or start the server with a different port.
2025-09-06T02:13:37: Starting Python Stock Service on port 5001...
2025-09-06T02:13:38:  * Serving Flask app 'stock_service'
2025-09-06T02:13:38:  * Debug mode: off
2025-09-06T02:13:38: Address already in use
2025-09-06T02:13:38: Port 5001 is in use by another program. Either identify and stop that program, or start the server with a different port.
2025-09-06T02:13:48: Starting Python Stock Service on port 5001...
2025-09-06T02:13:48:  * Serving Flask app 'stock_service'
2025-09-06T02:13:48:  * Debug mode: off
2025-09-06T02:13:48: Address already in use
2025-09-06T02:13:48: Port 5001 is in use by another program. Either identify and stop that program, or start the server with a different port.
2025-09-06T02:13:59: Starting Python Stock Service on port 5001...
2025-09-06T02:13:59:  * Serving Flask app 'stock_service'
2025-09-06T02:13:59:  * Debug mode: off
2025-09-06T02:13:59: Address already in use
2025-09-06T02:13:59: Port 5001 is in use by another program. Either identify and stop that program, or start the server with a different port.
2025-09-06T02:14:09: Starting Python Stock Service on port 5001...
2025-09-06T02:14:10:  * Serving Flask app 'stock_service'
2025-09-06T02:14:10:  * Debug mode: off
2025-09-06T02:14:10: Address already in use
2025-09-06T02:14:10: Port 5001 is in use by another program. Either identify and stop that program, or start the server with a different port.
2025-09-06T02:24:09: Starting Python Stock Service on port 5001...
2025-09-06T02:24:09:  * Serving Flask app 'stock_service'
2025-09-06T02:24:09:  * Debug mode: off
2025-09-06T02:24:09: Address already in use
2025-09-06T02:24:09: Port 5001 is in use by another program. Either identify and stop that program, or start the server with a different port.
2025-09-06T02:24:20: Starting Python Stock Service on port 5001...
2025-09-06T02:24:20:  * Serving Flask app 'stock_service'
2025-09-06T02:24:20:  * Debug mode: off
2025-09-06T02:24:20: Address already in use
2025-09-06T02:24:20: Port 5001 is in use by another program. Either identify and stop that program, or start the server with a different port.
2025-09-06T02:24:30: Starting Python Stock Service on port 5001...
2025-09-06T02:24:31:  * Serving Flask app 'stock_service'
2025-09-06T02:24:31:  * Debug mode: off
2025-09-06T02:24:31: Address already in use
2025-09-06T02:24:31: Port 5001 is in use by another program. Either identify and stop that program, or start the server with a different port.
2025-09-06T02:24:41: Starting Python Stock Service on port 5001...
2025-09-06T02:24:41:  * Serving Flask app 'stock_service'
2025-09-06T02:24:41:  * Debug mode: off
2025-09-06T02:24:41: Address already in use
2025-09-06T02:24:41: Port 5001 is in use by another program. Either identify and stop that program, or start the server with a different port.
2025-09-06T02:24:52: Starting Python Stock Service on port 5001...
2025-09-06T02:24:52:  * Serving Flask app 'stock_service'
2025-09-06T02:24:52:  * Debug mode: off
2025-09-06T02:24:52: Address already in use
2025-09-06T02:24:52: Port 5001 is in use by another program. Either identify and stop that program, or start the server with a different port.
2025-09-06T18:08:49: Starting Python Stock Service on port 5001...
2025-09-06T18:08:51:  * Serving Flask app 'stock_service'
2025-09-06T18:08:51:  * Debug mode: off
2025-09-06T18:08:51: Address already in use
2025-09-06T18:08:51: Port 5001 is in use by another program. Either identify and stop that program, or start the server with a different port.
2025-09-06T18:09:01: Starting Python Stock Service on port 5001...
2025-09-06T18:09:02:  * Serving Flask app 'stock_service'
2025-09-06T18:09:02:  * Debug mode: off
2025-09-06T18:09:02: Address already in use
2025-09-06T18:09:02: Port 5001 is in use by another program. Either identify and stop that program, or start the server with a different port.
2025-09-06T18:09:12: Starting Python Stock Service on port 5001...
2025-09-06T18:09:13:  * Serving Flask app 'stock_service'
2025-09-06T18:09:13:  * Debug mode: off
2025-09-06T18:09:13: Address already in use
2025-09-06T18:09:13: Port 5001 is in use by another program. Either identify and stop that program, or start the server with a different port.
2025-09-06T18:09:23: Starting Python Stock Service on port 5001...
2025-09-06T18:09:24:  * Serving Flask app 'stock_service'
2025-09-06T18:09:24:  * Debug mode: off
2025-09-06T18:09:24: Address already in use
2025-09-06T18:09:24: Port 5001 is in use by another program. Either identify and stop that program, or start the server with a different port.
2025-09-06T18:09:34: Starting Python Stock Service on port 5001...
2025-09-06T18:09:34:  * Serving Flask app 'stock_service'
2025-09-06T18:09:34:  * Debug mode: off
2025-09-06T18:09:34: Address already in use
2025-09-06T18:09:34: Port 5001 is in use by another program. Either identify and stop that program, or start the server with a different port.
2025-09-07T01:52:00: Starting Python Stock Service on port 5001...
2025-09-07T01:52:02:  * Serving Flask app 'stock_service'
2025-09-07T01:52:02:  * Debug mode: off
2025-09-07T01:52:02: Address already in use
2025-09-07T01:52:02: Port 5001 is in use by another program. Either identify and stop that program, or start the server with a different port.
2025-09-07T01:52:12: Starting Python Stock Service on port 5001...
2025-09-07T01:52:14:  * Serving Flask app 'stock_service'
2025-09-07T01:52:14:  * Debug mode: off
2025-09-07T01:52:14: Address already in use
2025-09-07T01:52:14: Port 5001 is in use by another program. Either identify and stop that program, or start the server with a different port.
2025-09-07T01:52:24: Starting Python Stock Service on port 5001...
2025-09-07T01:52:25:  * Serving Flask app 'stock_service'
2025-09-07T01:52:25:  * Debug mode: off
2025-09-07T01:52:25: Address already in use
2025-09-07T01:52:25: Port 5001 is in use by another program. Either identify and stop that program, or start the server with a different port.
2025-09-07T01:52:35: Starting Python Stock Service on port 5001...
2025-09-07T01:52:36:  * Serving Flask app 'stock_service'
2025-09-07T01:52:36:  * Debug mode: off
2025-09-07T01:52:36: Address already in use
2025-09-07T01:52:36: Port 5001 is in use by another program. Either identify and stop that program, or start the server with a different port.
2025-09-07T01:52:46: Starting Python Stock Service on port 5001...
2025-09-07T01:52:46:  * Serving Flask app 'stock_service'
2025-09-07T01:52:46:  * Debug mode: off
2025-09-07T01:52:46: Address already in use
2025-09-07T01:52:46: Port 5001 is in use by another program. Either identify and stop that program, or start the server with a different port.
2025-09-07T01:59:53: Starting Python Stock Service on port 5001...
2025-09-07T01:59:55:  * Serving Flask app 'stock_service'
2025-09-07T01:59:55:  * Debug mode: off
2025-09-07T01:59:55: Address already in use
2025-09-07T01:59:55: Port 5001 is in use by another program. Either identify and stop that program, or start the server with a different port.
2025-09-07T02:00:05: Starting Python Stock Service on port 5001...
2025-09-07T02:00:06:  * Serving Flask app 'stock_service'
2025-09-07T02:00:06:  * Debug mode: off
2025-09-07T02:00:06: Address already in use
2025-09-07T02:00:06: Port 5001 is in use by another program. Either identify and stop that program, or start the server with a different port.
2025-09-07T02:00:16: Starting Python Stock Service on port 5001...
2025-09-07T02:00:16:  * Serving Flask app 'stock_service'
2025-09-07T02:00:16:  * Debug mode: off
2025-09-07T02:00:16: Address already in use
2025-09-07T02:00:16: Port 5001 is in use by another program. Either identify and stop that program, or start the server with a different port.
2025-09-07T02:00:27: Starting Python Stock Service on port 5001...
2025-09-07T02:00:27:  * Serving Flask app 'stock_service'
2025-09-07T02:00:27:  * Debug mode: off
2025-09-07T02:00:27: Address already in use
2025-09-07T02:00:27: Port 5001 is in use by another program. Either identify and stop that program, or start the server with a different port.
2025-09-07T02:00:37: Starting Python Stock Service on port 5001...
2025-09-07T02:00:38:  * Serving Flask app 'stock_service'
2025-09-07T02:00:38:  * Debug mode: off
2025-09-07T02:00:38: Address already in use
2025-09-07T02:00:38: Port 5001 is in use by another program. Either identify and stop that program, or start the server with a different port.
2025-09-07T18:56:40: Starting Python Stock Service on port 5001...
2025-09-07T18:56:41:  * Serving Flask app 'stock_service'
2025-09-07T18:56:41:  * Debug mode: off
2025-09-07T18:56:41: Address already in use
2025-09-07T18:56:41: Port 5001 is in use by another program. Either identify and stop that program, or start the server with a different port.
2025-09-07T18:56:51: Starting Python Stock Service on port 5001...
2025-09-07T18:56:52:  * Serving Flask app 'stock_service'
2025-09-07T18:56:52:  * Debug mode: off
2025-09-07T18:56:52: Address already in use
2025-09-07T18:56:52: Port 5001 is in use by another program. Either identify and stop that program, or start the server with a different port.
2025-09-07T18:57:02: Starting Python Stock Service on port 5001...
2025-09-07T18:57:03:  * Serving Flask app 'stock_service'
2025-09-07T18:57:03:  * Debug mode: off
2025-09-07T18:57:03: Address already in use
2025-09-07T18:57:03: Port 5001 is in use by another program. Either identify and stop that program, or start the server with a different port.
2025-09-07T18:57:13: Starting Python Stock Service on port 5001...
2025-09-07T18:57:14:  * Serving Flask app 'stock_service'
2025-09-07T18:57:14:  * Debug mode: off
2025-09-07T18:57:14: Address already in use
2025-09-07T18:57:14: Port 5001 is in use by another program. Either identify and stop that program, or start the server with a different port.
2025-09-07T18:57:24: Starting Python Stock Service on port 5001...
2025-09-07T18:57:24:  * Serving Flask app 'stock_service'
2025-09-07T18:57:24:  * Debug mode: off
2025-09-07T18:57:24: Address already in use
2025-09-07T18:57:24: Port 5001 is in use by another program. Either identify and stop that program, or start the server with a different port.
2025-09-07T19:10:07: Starting Python Stock Service on port 5001...
2025-09-07T19:10:08:  * Serving Flask app 'stock_service'
2025-09-07T19:10:08:  * Debug mode: off
2025-09-07T19:10:08: Address already in use
2025-09-07T19:10:08: Port 5001 is in use by another program. Either identify and stop that program, or start the server with a different port.
2025-09-07T19:10:18: Starting Python Stock Service on port 5001...
2025-09-07T19:10:19:  * Serving Flask app 'stock_service'
2025-09-07T19:10:19:  * Debug mode: off
2025-09-07T19:10:19: Address already in use
2025-09-07T19:10:19: Port 5001 is in use by another program. Either identify and stop that program, or start the server with a different port.
2025-09-07T19:10:29: Starting Python Stock Service on port 5001...
2025-09-07T19:10:30:  * Serving Flask app 'stock_service'
2025-09-07T19:10:30:  * Debug mode: off
2025-09-07T19:10:30: Address already in use
2025-09-07T19:10:30: Port 5001 is in use by another program. Either identify and stop that program, or start the server with a different port.
2025-09-07T19:10:40: Starting Python Stock Service on port 5001...
2025-09-07T19:10:41:  * Serving Flask app 'stock_service'
2025-09-07T19:10:41:  * Debug mode: off
2025-09-07T19:10:41: Address already in use
2025-09-07T19:10:41: Port 5001 is in use by another program. Either identify and stop that program, or start the server with a different port.
2025-09-07T19:10:51: Starting Python Stock Service on port 5001...
2025-09-07T19:10:52:  * Serving Flask app 'stock_service'
2025-09-07T19:10:52:  * Debug mode: off
2025-09-07T19:10:52: Address already in use
2025-09-07T19:10:52: Port 5001 is in use by another program. Either identify and stop that program, or start the server with a different port.
2025-09-08T02:38:14: Starting Python Stock Service on port 5001...
2025-09-08T02:38:15:  * Serving Flask app 'stock_service'
2025-09-08T02:38:15:  * Debug mode: off
2025-09-08T02:38:15: Address already in use
2025-09-08T02:38:15: Port 5001 is in use by another program. Either identify and stop that program, or start the server with a different port.
2025-09-08T02:38:26: Starting Python Stock Service on port 5001...
2025-09-08T02:38:26:  * Serving Flask app 'stock_service'
2025-09-08T02:38:26:  * Debug mode: off
2025-09-08T02:38:26: Address already in use
2025-09-08T02:38:26: Port 5001 is in use by another program. Either identify and stop that program, or start the server with a different port.
2025-09-08T02:38:37: Starting Python Stock Service on port 5001...
2025-09-08T02:38:37:  * Serving Flask app 'stock_service'
2025-09-08T02:38:37:  * Debug mode: off
2025-09-08T02:38:37: Address already in use
2025-09-08T02:38:37: Port 5001 is in use by another program. Either identify and stop that program, or start the server with a different port.
2025-09-08T02:38:47: Starting Python Stock Service on port 5001...
2025-09-08T02:38:48:  * Serving Flask app 'stock_service'
2025-09-08T02:38:48:  * Debug mode: off
2025-09-08T02:38:48: Address already in use
2025-09-08T02:38:48: Port 5001 is in use by another program. Either identify and stop that program, or start the server with a different port.
2025-09-08T02:38:58: Starting Python Stock Service on port 5001...
2025-09-08T02:38:59:  * Serving Flask app 'stock_service'
2025-09-08T02:38:59:  * Debug mode: off
2025-09-08T02:38:59: Address already in use
2025-09-08T02:38:59: Port 5001 is in use by another program. Either identify and stop that program, or start the server with a different port.
2025-09-08T04:15:31: Starting Python Stock Service on port 5001...
2025-09-08T04:15:32:  * Serving Flask app 'stock_service'
2025-09-08T04:15:32:  * Debug mode: off
2025-09-08T04:15:32: Address already in use
2025-09-08T04:15:32: Port 5001 is in use by another program. Either identify and stop that program, or start the server with a different port.
2025-09-08T04:15:42: Starting Python Stock Service on port 5001...
2025-09-08T04:15:43:  * Serving Flask app 'stock_service'
2025-09-08T04:15:43:  * Debug mode: off
2025-09-08T04:15:43: Address already in use
2025-09-08T04:15:43: Port 5001 is in use by another program. Either identify and stop that program, or start the server with a different port.
2025-09-08T04:15:53: Starting Python Stock Service on port 5001...
2025-09-08T04:15:54:  * Serving Flask app 'stock_service'
2025-09-08T04:15:54:  * Debug mode: off
2025-09-08T04:15:54: Address already in use
2025-09-08T04:15:54: Port 5001 is in use by another program. Either identify and stop that program, or start the server with a different port.
2025-09-08T04:16:04: Starting Python Stock Service on port 5001...
2025-09-08T04:16:04:  * Serving Flask app 'stock_service'
2025-09-08T04:16:04:  * Debug mode: off
2025-09-08T04:16:04: Address already in use
2025-09-08T04:16:04: Port 5001 is in use by another program. Either identify and stop that program, or start the server with a different port.
2025-09-08T04:16:15: Starting Python Stock Service on port 5001...
2025-09-08T04:16:15:  * Serving Flask app 'stock_service'
2025-09-08T04:16:15:  * Debug mode: off
2025-09-08T04:16:15: Address already in use
2025-09-08T04:16:15: Port 5001 is in use by another program. Either identify and stop that program, or start the server with a different port.
2025-09-08T04:38:05: Starting Python Stock Service on port 5001...
2025-09-08T04:38:06:  * Serving Flask app 'stock_service'
2025-09-08T04:38:06:  * Debug mode: off
2025-09-08T04:38:06: Address already in use
2025-09-08T04:38:06: Port 5001 is in use by another program. Either identify and stop that program, or start the server with a different port.
2025-09-08T04:38:16: Starting Python Stock Service on port 5001...
2025-09-08T04:38:17:  * Serving Flask app 'stock_service'
2025-09-08T04:38:17:  * Debug mode: off
2025-09-08T04:38:17: Address already in use
2025-09-08T04:38:17: Port 5001 is in use by another program. Either identify and stop that program, or start the server with a different port.
2025-09-08T04:38:27: Starting Python Stock Service on port 5001...
2025-09-08T04:38:27:  * Serving Flask app 'stock_service'
2025-09-08T04:38:27:  * Debug mode: off
2025-09-08T04:38:27: Address already in use
2025-09-08T04:38:27: Port 5001 is in use by another program. Either identify and stop that program, or start the server with a different port.
2025-09-08T04:38:38: Starting Python Stock Service on port 5001...
2025-09-08T04:38:38:  * Serving Flask app 'stock_service'
2025-09-08T04:38:38:  * Debug mode: off
2025-09-08T04:38:38: Address already in use
2025-09-08T04:38:38: Port 5001 is in use by another program. Either identify and stop that program, or start the server with a different port.
2025-09-08T04:38:48: Starting Python Stock Service on port 5001...
2025-09-08T04:38:49:  * Serving Flask app 'stock_service'
2025-09-08T04:38:49:  * Debug mode: off
2025-09-08T04:38:49: Address already in use
2025-09-08T04:38:49: Port 5001 is in use by another program. Either identify and stop that program, or start the server with a different port.
