Error: bind EADDRINUSE null:3001
    at listenOnPrimaryHandle (node:net:1879:18)
    at rr (node:internal/cluster/child:162:12)
    at Worker.<anonymous> (node:internal/cluster/child:112:7)
    at process.onInternalMessage (node:internal/cluster/utils:49:5)
    at process.emit (node:events:529:35)
    at emit (node:internal/child_process:944:14)
    at process.processTicksAndRejections (node:internal/process/task_queues:83:21)
Error: bind EADDRINUSE null:3001
    at listenOnPrimaryHandle (node:net:1879:18)
    at rr (node:internal/cluster/child:162:12)
    at Worker.<anonymous> (node:internal/cluster/child:112:7)
    at process.onInternalMessage (node:internal/cluster/utils:49:5)
    at process.emit (node:events:529:35)
    at emit (node:internal/child_process:944:14)
    at process.processTicksAndRejections (node:internal/process/task_queues:83:21)
Error: bind EADDRINUSE null:3001
    at listenOnPrimaryHandle (node:net:1879:18)
    at rr (node:internal/cluster/child:162:12)
    at Worker.<anonymous> (node:internal/cluster/child:112:7)
    at process.onInternalMessage (node:internal/cluster/utils:49:5)
    at process.emit (node:events:529:35)
    at emit (node:internal/child_process:944:14)
    at process.processTicksAndRejections (node:internal/process/task_queues:83:21)
Error: bind EADDRINUSE null:3001
    at listenOnPrimaryHandle (node:net:1879:18)
    at rr (node:internal/cluster/child:162:12)
    at Worker.<anonymous> (node:internal/cluster/child:112:7)
    at process.onInternalMessage (node:internal/cluster/utils:49:5)
    at process.emit (node:events:529:35)
    at emit (node:internal/child_process:944:14)
    at process.processTicksAndRejections (node:internal/process/task_queues:83:21)
Error: bind EADDRINUSE null:3001
    at listenOnPrimaryHandle (node:net:1879:18)
    at rr (node:internal/cluster/child:162:12)
    at Worker.<anonymous> (node:internal/cluster/child:112:7)
    at process.onInternalMessage (node:internal/cluster/utils:49:5)
    at process.emit (node:events:529:35)
    at emit (node:internal/child_process:944:14)
    at process.processTicksAndRejections (node:internal/process/task_queues:83:21)
Error: bind EADDRINUSE null:3001
    at listenOnPrimaryHandle (node:net:1879:18)
    at rr (node:internal/cluster/child:162:12)
    at Worker.<anonymous> (node:internal/cluster/child:112:7)
    at process.onInternalMessage (node:internal/cluster/utils:49:5)
    at process.emit (node:events:529:35)
    at emit (node:internal/child_process:944:14)
    at process.processTicksAndRejections (node:internal/process/task_queues:83:21)
Error: bind EADDRINUSE null:3001
    at listenOnPrimaryHandle (node:net:1879:18)
    at rr (node:internal/cluster/child:162:12)
    at Worker.<anonymous> (node:internal/cluster/child:112:7)
    at process.onInternalMessage (node:internal/cluster/utils:49:5)
    at process.emit (node:events:529:35)
    at emit (node:internal/child_process:944:14)
    at process.processTicksAndRejections (node:internal/process/task_queues:83:21)
Error: bind EADDRINUSE null:3001
    at listenOnPrimaryHandle (node:net:1879:18)
    at rr (node:internal/cluster/child:162:12)
    at Worker.<anonymous> (node:internal/cluster/child:112:7)
    at process.onInternalMessage (node:internal/cluster/utils:49:5)
    at process.emit (node:events:529:35)
    at emit (node:internal/child_process:944:14)
    at process.processTicksAndRejections (node:internal/process/task_queues:83:21)
Error: bind EADDRINUSE null:3001
    at listenOnPrimaryHandle (node:net:1879:18)
    at rr (node:internal/cluster/child:162:12)
    at Worker.<anonymous> (node:internal/cluster/child:112:7)
    at process.onInternalMessage (node:internal/cluster/utils:49:5)
    at process.emit (node:events:529:35)
    at emit (node:internal/child_process:944:14)
    at process.processTicksAndRejections (node:internal/process/task_queues:83:21)
Error: bind EADDRINUSE null:3001
    at listenOnPrimaryHandle (node:net:1879:18)
    at rr (node:internal/cluster/child:162:12)
    at Worker.<anonymous> (node:internal/cluster/child:112:7)
    at process.onInternalMessage (node:internal/cluster/utils:49:5)
    at process.emit (node:events:529:35)
    at emit (node:internal/child_process:944:14)
    at process.processTicksAndRejections (node:internal/process/task_queues:83:21)
Error: bind EADDRINUSE null:3001
    at listenOnPrimaryHandle (node:net:1879:18)
    at rr (node:internal/cluster/child:162:12)
    at Worker.<anonymous> (node:internal/cluster/child:112:7)
    at process.onInternalMessage (node:internal/cluster/utils:49:5)
    at process.emit (node:events:529:35)
    at emit (node:internal/child_process:944:14)
    at process.processTicksAndRejections (node:internal/process/task_queues:83:21)
Error: bind EADDRINUSE null:3001
    at listenOnPrimaryHandle (node:net:1879:18)
    at rr (node:internal/cluster/child:162:12)
    at Worker.<anonymous> (node:internal/cluster/child:112:7)
    at process.onInternalMessage (node:internal/cluster/utils:49:5)
    at process.emit (node:events:529:35)
    at emit (node:internal/child_process:944:14)
    at process.processTicksAndRejections (node:internal/process/task_queues:83:21)
Error: bind EADDRINUSE null:3001
    at listenOnPrimaryHandle (node:net:1879:18)
    at rr (node:internal/cluster/child:162:12)
    at Worker.<anonymous> (node:internal/cluster/child:112:7)
    at process.onInternalMessage (node:internal/cluster/utils:49:5)
    at process.emit (node:events:529:35)
    at emit (node:internal/child_process:944:14)
    at process.processTicksAndRejections (node:internal/process/task_queues:83:21)
Error: bind EADDRINUSE null:3001
    at listenOnPrimaryHandle (node:net:1879:18)
    at rr (node:internal/cluster/child:162:12)
    at Worker.<anonymous> (node:internal/cluster/child:112:7)
    at process.onInternalMessage (node:internal/cluster/utils:49:5)
    at process.emit (node:events:529:35)
    at emit (node:internal/child_process:944:14)
    at process.processTicksAndRejections (node:internal/process/task_queues:83:21)
Error: bind EADDRINUSE null:3001
    at listenOnPrimaryHandle (node:net:1879:18)
    at rr (node:internal/cluster/child:162:12)
    at Worker.<anonymous> (node:internal/cluster/child:112:7)
    at process.onInternalMessage (node:internal/cluster/utils:49:5)
    at process.emit (node:events:529:35)
    at emit (node:internal/child_process:944:14)
    at process.processTicksAndRejections (node:internal/process/task_queues:83:21)
Error: bind EADDRINUSE null:3001
    at listenOnPrimaryHandle (node:net:1879:18)
    at rr (node:internal/cluster/child:162:12)
    at Worker.<anonymous> (node:internal/cluster/child:112:7)
    at process.onInternalMessage (node:internal/cluster/utils:49:5)
    at process.emit (node:events:529:35)
    at emit (node:internal/child_process:944:14)
    at process.processTicksAndRejections (node:internal/process/task_queues:83:21)
Error: bind EADDRINUSE null:3001
    at listenOnPrimaryHandle (node:net:1879:18)
    at rr (node:internal/cluster/child:162:12)
    at Worker.<anonymous> (node:internal/cluster/child:112:7)
    at process.onInternalMessage (node:internal/cluster/utils:49:5)
    at process.emit (node:events:529:35)
    at emit (node:internal/child_process:944:14)
    at process.processTicksAndRejections (node:internal/process/task_queues:83:21)
Error: bind EADDRINUSE null:3001
    at listenOnPrimaryHandle (node:net:1879:18)
    at rr (node:internal/cluster/child:162:12)
    at Worker.<anonymous> (node:internal/cluster/child:112:7)
    at process.onInternalMessage (node:internal/cluster/utils:49:5)
    at process.emit (node:events:529:35)
    at emit (node:internal/child_process:944:14)
    at process.processTicksAndRejections (node:internal/process/task_queues:83:21)
Error: bind EADDRINUSE null:3001
    at listenOnPrimaryHandle (node:net:1879:18)
    at rr (node:internal/cluster/child:162:12)
    at Worker.<anonymous> (node:internal/cluster/child:112:7)
    at process.onInternalMessage (node:internal/cluster/utils:49:5)
    at process.emit (node:events:529:35)
    at emit (node:internal/child_process:944:14)
    at process.processTicksAndRejections (node:internal/process/task_queues:83:21)
Error: bind EADDRINUSE null:3001
    at listenOnPrimaryHandle (node:net:1879:18)
    at rr (node:internal/cluster/child:162:12)
    at Worker.<anonymous> (node:internal/cluster/child:112:7)
    at process.onInternalMessage (node:internal/cluster/utils:49:5)
    at process.emit (node:events:529:35)
    at emit (node:internal/child_process:944:14)
    at process.processTicksAndRejections (node:internal/process/task_queues:83:21)
Error: bind EADDRINUSE null:3001
    at listenOnPrimaryHandle (node:net:1879:18)
    at rr (node:internal/cluster/child:162:12)
    at Worker.<anonymous> (node:internal/cluster/child:112:7)
    at process.onInternalMessage (node:internal/cluster/utils:49:5)
    at process.emit (node:events:529:35)
    at emit (node:internal/child_process:944:14)
    at process.processTicksAndRejections (node:internal/process/task_queues:83:21)
Error: bind EADDRINUSE null:3001
    at listenOnPrimaryHandle (node:net:1879:18)
    at rr (node:internal/cluster/child:162:12)
    at Worker.<anonymous> (node:internal/cluster/child:112:7)
    at process.onInternalMessage (node:internal/cluster/utils:49:5)
    at process.emit (node:events:529:35)
    at emit (node:internal/child_process:944:14)
    at process.processTicksAndRejections (node:internal/process/task_queues:83:21)
Error: bind EADDRINUSE null:3001
    at listenOnPrimaryHandle (node:net:1879:18)
    at rr (node:internal/cluster/child:162:12)
    at Worker.<anonymous> (node:internal/cluster/child:112:7)
    at process.onInternalMessage (node:internal/cluster/utils:49:5)
    at process.emit (node:events:529:35)
    at emit (node:internal/child_process:944:14)
    at process.processTicksAndRejections (node:internal/process/task_queues:83:21)
Error: bind EADDRINUSE null:3001
    at listenOnPrimaryHandle (node:net:1879:18)
    at rr (node:internal/cluster/child:162:12)
    at Worker.<anonymous> (node:internal/cluster/child:112:7)
    at process.onInternalMessage (node:internal/cluster/utils:49:5)
    at process.emit (node:events:529:35)
    at emit (node:internal/child_process:944:14)
    at process.processTicksAndRejections (node:internal/process/task_queues:83:21)
Error: bind EADDRINUSE null:3001
    at listenOnPrimaryHandle (node:net:1879:18)
    at rr (node:internal/cluster/child:162:12)
    at Worker.<anonymous> (node:internal/cluster/child:112:7)
    at process.onInternalMessage (node:internal/cluster/utils:49:5)
    at process.emit (node:events:529:35)
    at emit (node:internal/child_process:944:14)
    at process.processTicksAndRejections (node:internal/process/task_queues:83:21)
Error: bind EADDRINUSE null:3001
    at listenOnPrimaryHandle (node:net:1879:18)
    at rr (node:internal/cluster/child:162:12)
    at Worker.<anonymous> (node:internal/cluster/child:112:7)
    at process.onInternalMessage (node:internal/cluster/utils:49:5)
    at process.emit (node:events:529:35)
    at emit (node:internal/child_process:944:14)
    at process.processTicksAndRejections (node:internal/process/task_queues:83:21)
Error: bind EADDRINUSE null:3001
    at listenOnPrimaryHandle (node:net:1879:18)
    at rr (node:internal/cluster/child:162:12)
    at Worker.<anonymous> (node:internal/cluster/child:112:7)
    at process.onInternalMessage (node:internal/cluster/utils:49:5)
    at process.emit (node:events:529:35)
    at emit (node:internal/child_process:944:14)
    at process.processTicksAndRejections (node:internal/process/task_queues:83:21)
Error: bind EADDRINUSE null:3001
    at listenOnPrimaryHandle (node:net:1879:18)
    at rr (node:internal/cluster/child:162:12)
    at Worker.<anonymous> (node:internal/cluster/child:112:7)
    at process.onInternalMessage (node:internal/cluster/utils:49:5)
    at process.emit (node:events:529:35)
    at emit (node:internal/child_process:944:14)
    at process.processTicksAndRejections (node:internal/process/task_queues:83:21)
Error: bind EADDRINUSE null:3001
    at listenOnPrimaryHandle (node:net:1879:18)
    at rr (node:internal/cluster/child:162:12)
    at Worker.<anonymous> (node:internal/cluster/child:112:7)
    at process.onInternalMessage (node:internal/cluster/utils:49:5)
    at process.emit (node:events:529:35)
    at emit (node:internal/child_process:944:14)
    at process.processTicksAndRejections (node:internal/process/task_queues:83:21)
Error: bind EADDRINUSE null:3001
    at listenOnPrimaryHandle (node:net:1879:18)
    at rr (node:internal/cluster/child:162:12)
    at Worker.<anonymous> (node:internal/cluster/child:112:7)
    at process.onInternalMessage (node:internal/cluster/utils:49:5)
    at process.emit (node:events:529:35)
    at emit (node:internal/child_process:944:14)
    at process.processTicksAndRejections (node:internal/process/task_queues:83:21)
Error: bind EADDRINUSE null:3001
    at listenOnPrimaryHandle (node:net:1879:18)
    at rr (node:internal/cluster/child:162:12)
    at Worker.<anonymous> (node:internal/cluster/child:112:7)
    at process.onInternalMessage (node:internal/cluster/utils:49:5)
    at process.emit (node:events:529:35)
    at emit (node:internal/child_process:944:14)
    at process.processTicksAndRejections (node:internal/process/task_queues:83:21)
Error: bind EADDRINUSE null:3001
    at listenOnPrimaryHandle (node:net:1879:18)
    at rr (node:internal/cluster/child:162:12)
    at Worker.<anonymous> (node:internal/cluster/child:112:7)
    at process.onInternalMessage (node:internal/cluster/utils:49:5)
    at process.emit (node:events:529:35)
    at emit (node:internal/child_process:944:14)
    at process.processTicksAndRejections (node:internal/process/task_queues:83:21)
Error: bind EADDRINUSE null:3001
    at listenOnPrimaryHandle (node:net:1879:18)
    at rr (node:internal/cluster/child:162:12)
    at Worker.<anonymous> (node:internal/cluster/child:112:7)
    at process.onInternalMessage (node:internal/cluster/utils:49:5)
    at process.emit (node:events:529:35)
    at emit (node:internal/child_process:944:14)
    at process.processTicksAndRejections (node:internal/process/task_queues:83:21)
Error: bind EADDRINUSE null:3001
    at listenOnPrimaryHandle (node:net:1879:18)
    at rr (node:internal/cluster/child:162:12)
    at Worker.<anonymous> (node:internal/cluster/child:112:7)
    at process.onInternalMessage (node:internal/cluster/utils:49:5)
    at process.emit (node:events:529:35)
    at emit (node:internal/child_process:944:14)
    at process.processTicksAndRejections (node:internal/process/task_queues:83:21)
Error: bind EADDRINUSE null:3001
    at listenOnPrimaryHandle (node:net:1879:18)
    at rr (node:internal/cluster/child:162:12)
    at Worker.<anonymous> (node:internal/cluster/child:112:7)
    at process.onInternalMessage (node:internal/cluster/utils:49:5)
    at process.emit (node:events:529:35)
    at emit (node:internal/child_process:944:14)
    at process.processTicksAndRejections (node:internal/process/task_queues:83:21)
Error: bind EADDRINUSE null:3001
    at listenOnPrimaryHandle (node:net:1879:18)
    at rr (node:internal/cluster/child:162:12)
    at Worker.<anonymous> (node:internal/cluster/child:112:7)
    at process.onInternalMessage (node:internal/cluster/utils:49:5)
    at process.emit (node:events:529:35)
    at emit (node:internal/child_process:944:14)
    at process.processTicksAndRejections (node:internal/process/task_queues:83:21)
Error: bind EADDRINUSE null:3001
    at listenOnPrimaryHandle (node:net:1879:18)
    at rr (node:internal/cluster/child:162:12)
    at Worker.<anonymous> (node:internal/cluster/child:112:7)
    at process.onInternalMessage (node:internal/cluster/utils:49:5)
    at process.emit (node:events:529:35)
    at emit (node:internal/child_process:944:14)
    at process.processTicksAndRejections (node:internal/process/task_queues:83:21)
Error: bind EADDRINUSE null:3001
    at listenOnPrimaryHandle (node:net:1879:18)
    at rr (node:internal/cluster/child:162:12)
    at Worker.<anonymous> (node:internal/cluster/child:112:7)
    at process.onInternalMessage (node:internal/cluster/utils:49:5)
    at process.emit (node:events:529:35)
    at emit (node:internal/child_process:944:14)
    at process.processTicksAndRejections (node:internal/process/task_queues:83:21)
Error: bind EADDRINUSE null:3001
    at listenOnPrimaryHandle (node:net:1879:18)
    at rr (node:internal/cluster/child:162:12)
    at Worker.<anonymous> (node:internal/cluster/child:112:7)
    at process.onInternalMessage (node:internal/cluster/utils:49:5)
    at process.emit (node:events:529:35)
    at emit (node:internal/child_process:944:14)
    at process.processTicksAndRejections (node:internal/process/task_queues:83:21)
Error: bind EADDRINUSE null:3001
    at listenOnPrimaryHandle (node:net:1879:18)
    at rr (node:internal/cluster/child:162:12)
    at Worker.<anonymous> (node:internal/cluster/child:112:7)
    at process.onInternalMessage (node:internal/cluster/utils:49:5)
    at process.emit (node:events:529:35)
    at emit (node:internal/child_process:944:14)
    at process.processTicksAndRejections (node:internal/process/task_queues:83:21)
Error: bind EADDRINUSE null:3001
    at listenOnPrimaryHandle (node:net:1879:18)
    at rr (node:internal/cluster/child:162:12)
    at Worker.<anonymous> (node:internal/cluster/child:112:7)
    at process.onInternalMessage (node:internal/cluster/utils:49:5)
    at process.emit (node:events:529:35)
    at emit (node:internal/child_process:944:14)
    at process.processTicksAndRejections (node:internal/process/task_queues:83:21)
Error: bind EADDRINUSE null:3001
    at listenOnPrimaryHandle (node:net:1879:18)
    at rr (node:internal/cluster/child:162:12)
    at Worker.<anonymous> (node:internal/cluster/child:112:7)
    at process.onInternalMessage (node:internal/cluster/utils:49:5)
    at process.emit (node:events:529:35)
    at emit (node:internal/child_process:944:14)
    at process.processTicksAndRejections (node:internal/process/task_queues:83:21)
Error: bind EADDRINUSE null:3001
    at listenOnPrimaryHandle (node:net:1879:18)
    at rr (node:internal/cluster/child:162:12)
    at Worker.<anonymous> (node:internal/cluster/child:112:7)
    at process.onInternalMessage (node:internal/cluster/utils:49:5)
    at process.emit (node:events:529:35)
    at emit (node:internal/child_process:944:14)
    at process.processTicksAndRejections (node:internal/process/task_queues:83:21)
Error: bind EADDRINUSE null:3001
    at listenOnPrimaryHandle (node:net:1879:18)
    at rr (node:internal/cluster/child:162:12)
    at Worker.<anonymous> (node:internal/cluster/child:112:7)
    at process.onInternalMessage (node:internal/cluster/utils:49:5)
    at process.emit (node:events:529:35)
    at emit (node:internal/child_process:944:14)
    at process.processTicksAndRejections (node:internal/process/task_queues:83:21)
Error: bind EADDRINUSE null:3001
    at listenOnPrimaryHandle (node:net:1879:18)
    at rr (node:internal/cluster/child:162:12)
    at Worker.<anonymous> (node:internal/cluster/child:112:7)
    at process.onInternalMessage (node:internal/cluster/utils:49:5)
    at process.emit (node:events:529:35)
    at emit (node:internal/child_process:944:14)
    at process.processTicksAndRejections (node:internal/process/task_queues:83:21)
Error: bind EADDRINUSE null:3001
    at listenOnPrimaryHandle (node:net:1879:18)
    at rr (node:internal/cluster/child:162:12)
    at Worker.<anonymous> (node:internal/cluster/child:112:7)
    at process.onInternalMessage (node:internal/cluster/utils:49:5)
    at process.emit (node:events:529:35)
    at emit (node:internal/child_process:944:14)
    at process.processTicksAndRejections (node:internal/process/task_queues:83:21)
Error: bind EADDRINUSE null:3001
    at listenOnPrimaryHandle (node:net:1879:18)
    at rr (node:internal/cluster/child:162:12)
    at Worker.<anonymous> (node:internal/cluster/child:112:7)
    at process.onInternalMessage (node:internal/cluster/utils:49:5)
    at process.emit (node:events:529:35)
    at emit (node:internal/child_process:944:14)
    at process.processTicksAndRejections (node:internal/process/task_queues:83:21)
Error: bind EADDRINUSE null:3001
    at listenOnPrimaryHandle (node:net:1879:18)
    at rr (node:internal/cluster/child:162:12)
    at Worker.<anonymous> (node:internal/cluster/child:112:7)
    at process.onInternalMessage (node:internal/cluster/utils:49:5)
    at process.emit (node:events:529:35)
    at emit (node:internal/child_process:944:14)
    at process.processTicksAndRejections (node:internal/process/task_queues:83:21)
Error: bind EADDRINUSE null:3001
    at listenOnPrimaryHandle (node:net:1879:18)
    at rr (node:internal/cluster/child:162:12)
    at Worker.<anonymous> (node:internal/cluster/child:112:7)
    at process.onInternalMessage (node:internal/cluster/utils:49:5)
    at process.emit (node:events:529:35)
    at emit (node:internal/child_process:944:14)
    at process.processTicksAndRejections (node:internal/process/task_queues:83:21)
Error: bind EADDRINUSE null:3001
    at listenOnPrimaryHandle (node:net:1879:18)
    at rr (node:internal/cluster/child:162:12)
    at Worker.<anonymous> (node:internal/cluster/child:112:7)
    at process.onInternalMessage (node:internal/cluster/utils:49:5)
    at process.emit (node:events:529:35)
    at emit (node:internal/child_process:944:14)
    at process.processTicksAndRejections (node:internal/process/task_queues:83:21)
Error: bind EADDRINUSE null:3001
    at listenOnPrimaryHandle (node:net:1879:18)
    at rr (node:internal/cluster/child:162:12)
    at Worker.<anonymous> (node:internal/cluster/child:112:7)
    at process.onInternalMessage (node:internal/cluster/utils:49:5)
    at process.emit (node:events:529:35)
    at emit (node:internal/child_process:944:14)
    at process.processTicksAndRejections (node:internal/process/task_queues:83:21)
Error: bind EADDRINUSE null:3001
    at listenOnPrimaryHandle (node:net:1879:18)
    at rr (node:internal/cluster/child:162:12)
    at Worker.<anonymous> (node:internal/cluster/child:112:7)
    at process.onInternalMessage (node:internal/cluster/utils:49:5)
    at process.emit (node:events:529:35)
    at emit (node:internal/child_process:944:14)
    at process.processTicksAndRejections (node:internal/process/task_queues:83:21)
Error: bind EADDRINUSE null:3001
    at listenOnPrimaryHandle (node:net:1879:18)
    at rr (node:internal/cluster/child:162:12)
    at Worker.<anonymous> (node:internal/cluster/child:112:7)
    at process.onInternalMessage (node:internal/cluster/utils:49:5)
    at process.emit (node:events:529:35)
    at emit (node:internal/child_process:944:14)
    at process.processTicksAndRejections (node:internal/process/task_queues:83:21)
Error: bind EADDRINUSE null:3001
    at listenOnPrimaryHandle (node:net:1879:18)
    at rr (node:internal/cluster/child:162:12)
    at Worker.<anonymous> (node:internal/cluster/child:112:7)
    at process.onInternalMessage (node:internal/cluster/utils:49:5)
    at process.emit (node:events:529:35)
    at emit (node:internal/child_process:944:14)
    at process.processTicksAndRejections (node:internal/process/task_queues:83:21)
Error: bind EADDRINUSE null:3001
    at listenOnPrimaryHandle (node:net:1879:18)
    at rr (node:internal/cluster/child:162:12)
    at Worker.<anonymous> (node:internal/cluster/child:112:7)
    at process.onInternalMessage (node:internal/cluster/utils:49:5)
    at process.emit (node:events:529:35)
    at emit (node:internal/child_process:944:14)
    at process.processTicksAndRejections (node:internal/process/task_queues:83:21)
Error: bind EADDRINUSE null:3001
    at listenOnPrimaryHandle (node:net:1879:18)
    at rr (node:internal/cluster/child:162:12)
    at Worker.<anonymous> (node:internal/cluster/child:112:7)
    at process.onInternalMessage (node:internal/cluster/utils:49:5)
    at process.emit (node:events:529:35)
    at emit (node:internal/child_process:944:14)
    at process.processTicksAndRejections (node:internal/process/task_queues:83:21)
Error: bind EADDRINUSE null:3001
    at listenOnPrimaryHandle (node:net:1879:18)
    at rr (node:internal/cluster/child:162:12)
    at Worker.<anonymous> (node:internal/cluster/child:112:7)
    at process.onInternalMessage (node:internal/cluster/utils:49:5)
    at process.emit (node:events:529:35)
    at emit (node:internal/child_process:944:14)
    at process.processTicksAndRejections (node:internal/process/task_queues:83:21)
Error: bind EADDRINUSE null:3001
    at listenOnPrimaryHandle (node:net:1879:18)
    at rr (node:internal/cluster/child:162:12)
    at Worker.<anonymous> (node:internal/cluster/child:112:7)
    at process.onInternalMessage (node:internal/cluster/utils:49:5)
    at process.emit (node:events:529:35)
    at emit (node:internal/child_process:944:14)
    at process.processTicksAndRejections (node:internal/process/task_queues:83:21)
Error: bind EADDRINUSE null:3001
    at listenOnPrimaryHandle (node:net:1879:18)
    at rr (node:internal/cluster/child:162:12)
    at Worker.<anonymous> (node:internal/cluster/child:112:7)
    at process.onInternalMessage (node:internal/cluster/utils:49:5)
    at process.emit (node:events:529:35)
    at emit (node:internal/child_process:944:14)
    at process.processTicksAndRejections (node:internal/process/task_queues:83:21)
Error: bind EADDRINUSE null:3001
    at listenOnPrimaryHandle (node:net:1879:18)
    at rr (node:internal/cluster/child:162:12)
    at Worker.<anonymous> (node:internal/cluster/child:112:7)
    at process.onInternalMessage (node:internal/cluster/utils:49:5)
    at process.emit (node:events:529:35)
    at emit (node:internal/child_process:944:14)
    at process.processTicksAndRejections (node:internal/process/task_queues:83:21)
Error: bind EADDRINUSE null:3001
    at listenOnPrimaryHandle (node:net:1879:18)
    at rr (node:internal/cluster/child:162:12)
    at Worker.<anonymous> (node:internal/cluster/child:112:7)
    at process.onInternalMessage (node:internal/cluster/utils:49:5)
    at process.emit (node:events:529:35)
    at emit (node:internal/child_process:944:14)
    at process.processTicksAndRejections (node:internal/process/task_queues:83:21)
Error: bind EADDRINUSE null:3001
    at listenOnPrimaryHandle (node:net:1879:18)
    at rr (node:internal/cluster/child:162:12)
    at Worker.<anonymous> (node:internal/cluster/child:112:7)
    at process.onInternalMessage (node:internal/cluster/utils:49:5)
    at process.emit (node:events:529:35)
    at emit (node:internal/child_process:944:14)
    at process.processTicksAndRejections (node:internal/process/task_queues:83:21)
Error: bind EADDRINUSE null:3001
    at listenOnPrimaryHandle (node:net:1879:18)
    at rr (node:internal/cluster/child:162:12)
    at Worker.<anonymous> (node:internal/cluster/child:112:7)
    at process.onInternalMessage (node:internal/cluster/utils:49:5)
    at process.emit (node:events:529:35)
    at emit (node:internal/child_process:944:14)
    at process.processTicksAndRejections (node:internal/process/task_queues:83:21)
Error: bind EADDRINUSE null:3001
    at listenOnPrimaryHandle (node:net:1879:18)
    at rr (node:internal/cluster/child:162:12)
    at Worker.<anonymous> (node:internal/cluster/child:112:7)
    at process.onInternalMessage (node:internal/cluster/utils:49:5)
    at process.emit (node:events:529:35)
    at emit (node:internal/child_process:944:14)
    at process.processTicksAndRejections (node:internal/process/task_queues:83:21)
Error: bind EADDRINUSE null:3001
    at listenOnPrimaryHandle (node:net:1879:18)
    at rr (node:internal/cluster/child:162:12)
    at Worker.<anonymous> (node:internal/cluster/child:112:7)
    at process.onInternalMessage (node:internal/cluster/utils:49:5)
    at process.emit (node:events:529:35)
    at emit (node:internal/child_process:944:14)
    at process.processTicksAndRejections (node:internal/process/task_queues:83:21)
Error: bind EADDRINUSE null:3001
    at listenOnPrimaryHandle (node:net:1879:18)
    at rr (node:internal/cluster/child:162:12)
    at Worker.<anonymous> (node:internal/cluster/child:112:7)
    at process.onInternalMessage (node:internal/cluster/utils:49:5)
    at process.emit (node:events:529:35)
    at emit (node:internal/child_process:944:14)
    at process.processTicksAndRejections (node:internal/process/task_queues:83:21)
Error: bind EADDRINUSE null:3001
    at listenOnPrimaryHandle (node:net:1879:18)
    at rr (node:internal/cluster/child:162:12)
    at Worker.<anonymous> (node:internal/cluster/child:112:7)
    at process.onInternalMessage (node:internal/cluster/utils:49:5)
    at process.emit (node:events:529:35)
    at emit (node:internal/child_process:944:14)
    at process.processTicksAndRejections (node:internal/process/task_queues:83:21)
Error: bind EADDRINUSE null:3001
    at listenOnPrimaryHandle (node:net:1879:18)
    at rr (node:internal/cluster/child:162:12)
    at Worker.<anonymous> (node:internal/cluster/child:112:7)
    at process.onInternalMessage (node:internal/cluster/utils:49:5)
    at process.emit (node:events:529:35)
    at emit (node:internal/child_process:944:14)
    at process.processTicksAndRejections (node:internal/process/task_queues:83:21)
Error: bind EADDRINUSE null:3001
    at listenOnPrimaryHandle (node:net:1879:18)
    at rr (node:internal/cluster/child:162:12)
    at Worker.<anonymous> (node:internal/cluster/child:112:7)
    at process.onInternalMessage (node:internal/cluster/utils:49:5)
    at process.emit (node:events:529:35)
    at emit (node:internal/child_process:944:14)
    at process.processTicksAndRejections (node:internal/process/task_queues:83:21)
Error: bind EADDRINUSE null:3001
    at listenOnPrimaryHandle (node:net:1879:18)
    at rr (node:internal/cluster/child:162:12)
    at Worker.<anonymous> (node:internal/cluster/child:112:7)
    at process.onInternalMessage (node:internal/cluster/utils:49:5)
    at process.emit (node:events:529:35)
    at emit (node:internal/child_process:944:14)
    at process.processTicksAndRejections (node:internal/process/task_queues:83:21)
Error: bind EADDRINUSE null:3001
    at listenOnPrimaryHandle (node:net:1879:18)
    at rr (node:internal/cluster/child:162:12)
    at Worker.<anonymous> (node:internal/cluster/child:112:7)
    at process.onInternalMessage (node:internal/cluster/utils:49:5)
    at process.emit (node:events:529:35)
    at emit (node:internal/child_process:944:14)
    at process.processTicksAndRejections (node:internal/process/task_queues:83:21)
Error: bind EADDRINUSE null:3001
    at listenOnPrimaryHandle (node:net:1879:18)
    at rr (node:internal/cluster/child:162:12)
    at Worker.<anonymous> (node:internal/cluster/child:112:7)
    at process.onInternalMessage (node:internal/cluster/utils:49:5)
    at process.emit (node:events:529:35)
    at emit (node:internal/child_process:944:14)
    at process.processTicksAndRejections (node:internal/process/task_queues:83:21)
Error: bind EADDRINUSE null:3001
    at listenOnPrimaryHandle (node:net:1879:18)
    at rr (node:internal/cluster/child:162:12)
    at Worker.<anonymous> (node:internal/cluster/child:112:7)
    at process.onInternalMessage (node:internal/cluster/utils:49:5)
    at process.emit (node:events:529:35)
    at emit (node:internal/child_process:944:14)
    at process.processTicksAndRejections (node:internal/process/task_queues:83:21)
Error: bind EADDRINUSE null:3001
    at listenOnPrimaryHandle (node:net:1879:18)
    at rr (node:internal/cluster/child:162:12)
    at Worker.<anonymous> (node:internal/cluster/child:112:7)
    at process.onInternalMessage (node:internal/cluster/utils:49:5)
    at process.emit (node:events:529:35)
    at emit (node:internal/child_process:944:14)
    at process.processTicksAndRejections (node:internal/process/task_queues:83:21)
Error: bind EADDRINUSE null:3001
    at listenOnPrimaryHandle (node:net:1879:18)
    at rr (node:internal/cluster/child:162:12)
    at Worker.<anonymous> (node:internal/cluster/child:112:7)
    at process.onInternalMessage (node:internal/cluster/utils:49:5)
    at process.emit (node:events:529:35)
    at emit (node:internal/child_process:944:14)
    at process.processTicksAndRejections (node:internal/process/task_queues:83:21)
Error: bind EADDRINUSE null:3001
    at listenOnPrimaryHandle (node:net:1879:18)
    at rr (node:internal/cluster/child:162:12)
    at Worker.<anonymous> (node:internal/cluster/child:112:7)
    at process.onInternalMessage (node:internal/cluster/utils:49:5)
    at process.emit (node:events:529:35)
    at emit (node:internal/child_process:944:14)
    at process.processTicksAndRejections (node:internal/process/task_queues:83:21)
Error: bind EADDRINUSE null:3001
    at listenOnPrimaryHandle (node:net:1879:18)
    at rr (node:internal/cluster/child:162:12)
    at Worker.<anonymous> (node:internal/cluster/child:112:7)
    at process.onInternalMessage (node:internal/cluster/utils:49:5)
    at process.emit (node:events:529:35)
    at emit (node:internal/child_process:944:14)
    at process.processTicksAndRejections (node:internal/process/task_queues:83:21)
Error: bind EADDRINUSE null:3001
    at listenOnPrimaryHandle (node:net:1879:18)
    at rr (node:internal/cluster/child:162:12)
    at Worker.<anonymous> (node:internal/cluster/child:112:7)
    at process.onInternalMessage (node:internal/cluster/utils:49:5)
    at process.emit (node:events:529:35)
    at emit (node:internal/child_process:944:14)
    at process.processTicksAndRejections (node:internal/process/task_queues:83:21)
Error: bind EADDRINUSE null:3001
    at listenOnPrimaryHandle (node:net:1879:18)
    at rr (node:internal/cluster/child:162:12)
    at Worker.<anonymous> (node:internal/cluster/child:112:7)
    at process.onInternalMessage (node:internal/cluster/utils:49:5)
    at process.emit (node:events:529:35)
    at emit (node:internal/child_process:944:14)
    at process.processTicksAndRejections (node:internal/process/task_queues:83:21)
Error: bind EADDRINUSE null:3001
    at listenOnPrimaryHandle (node:net:1879:18)
    at rr (node:internal/cluster/child:162:12)
    at Worker.<anonymous> (node:internal/cluster/child:112:7)
    at process.onInternalMessage (node:internal/cluster/utils:49:5)
    at process.emit (node:events:529:35)
    at emit (node:internal/child_process:944:14)
    at process.processTicksAndRejections (node:internal/process/task_queues:83:21)
2025-09-07T01:52:10: Error: ENOENT: no such file or directory, stat '/home/dstrad/keepitbased/frontend/build/index.html'
2025-09-08T01:28:16: Error: ENOENT: no such file or directory, stat '/home/dstrad/keepitbased/frontend/build/index.html'
2025-09-08T01:31:23: Error: ENOENT: no such file or directory, stat '/home/dstrad/keepitbased/frontend/build/index.html'
2025-09-08T01:33:27: Error: ENOENT: no such file or directory, stat '/home/dstrad/keepitbased/frontend/build/index.html'
2025-09-08T02:10:29: Error: ENOENT: no such file or directory, stat '/home/dstrad/keepitbased/frontend/build/index.html'
2025-09-08T02:25:08: Error: ENOENT: no such file or directory, stat '/home/dstrad/keepitbased/frontend/build/index.html'
2025-09-08T02:25:45: Error: ENOENT: no such file or directory, stat '/home/dstrad/keepitbased/frontend/build/index.html'
2025-09-08T02:38:23: Error: ENOENT: no such file or directory, stat '/home/dstrad/keepitbased/frontend/build/index.html'
2025-09-08T02:38:31: Error: ENOENT: no such file or directory, stat '/home/dstrad/keepitbased/frontend/build/index.html'
2025-09-08T02:47:18: Error: ENOENT: no such file or directory, stat '/home/dstrad/keepitbased/frontend/build/index.html'
2025-09-08T02:52:46: Error: ENOENT: no such file or directory, stat '/home/dstrad/keepitbased/frontend/build/index.html'
2025-09-08T02:58:39: Error: ENOENT: no such file or directory, stat '/home/dstrad/keepitbased/frontend/build/index.html'
2025-09-08T02:59:34: Error: ENOENT: no such file or directory, stat '/home/dstrad/keepitbased/frontend/build/index.html'
2025-09-08T03:12:05: Error: ENOENT: no such file or directory, stat '/home/dstrad/keepitbased/frontend/build/index.html'
